<?xml version="1.0" encoding="UTF-8"?>
<testsuite name="com.test.table.MySQLAndroidCaching.ExampleUnitTest" tests="1" skipped="0" failures="0" errors="0" timestamp="2020-01-25T20:49:10" hostname="david-HP-Laptop-15-bs1xx" time="0.001">
  <properties/>
  <testcase name="addition_isCorrect" classname="com.test.table.MySQLAndroidCaching.ExampleUnitTest" time="0.001"/>
  <system-out><![CDATA[]]></system-out>
  <system-err><![CDATA[]]></system-err>
</testsuite>
